<?xml version="1.0" encoding="UTF-8"?>
<testsuites>
  <testsuite name="fastlane.lanes">
    
    
    
      
      <testcase classname="fastlane.lanes" name="0: opt_out_usage" time="0.002466">
        
      </testcase>
    
      
      <testcase classname="fastlane.lanes" name="1: Verifying fastlane version" time="0.001638">
        
      </testcase>
    
      
      <testcase classname="fastlane.lanes" name="2: default_platform" time="0.002396">
        
      </testcase>
    
      
      <testcase classname="fastlane.lanes" name="3: Switch to android verify lane" time="0.001717">
        
      </testcase>
    
      
      <testcase classname="fastlane.lanes" name="4: analyze_commits" time="0.628258">
        
      </testcase>
    
      
      <testcase classname="fastlane.lanes" name="5: Switch to android bundle lane" time="0.001568">
        
      </testcase>
    
      
      <testcase classname="fastlane.lanes" name="6: lint" time="57.58571">
        
          <failure message="/Users/sudheerchilumula/.rvm/gems/ruby-2.7.0-preview1/gems/fastlane-2.141.0/fastlane/lib/fastlane/actions/actions_helper.rb:48:in `execute_action'&#10;/Users/sudheerchilumula/.rvm/gems/ruby-2.7.0-preview1/gems/fastlane-2.141.0/fastlane/lib/fastlane/runner.rb:253:in `block in execute_action'&#10;/Users/sudheerchilumula/.rvm/gems/ruby-2.7.0-preview1/gems/fastlane-2.141.0/fastlane/lib/fastlane/runner.rb:227:in `chdir'&#10;/Users/sudheerchilumula/.rvm/gems/ruby-2.7.0-preview1/gems/fastlane-2.141.0/fastlane/lib/fastlane/runner.rb:227:in `execute_action'&#10;/Users/sudheerchilumula/.rvm/gems/ruby-2.7.0-preview1/gems/fastlane-2.141.0/fastlane/lib/fastlane/runner.rb:157:in `trigger_action_by_name'&#10;/Users/sudheerchilumula/.rvm/gems/ruby-2.7.0-preview1/gems/fastlane-2.141.0/fastlane/lib/fastlane/fast_file.rb:159:in `method_missing'&#10;Fastfile:85:in `block (2 levels) in parsing_binding'&#10;/Users/sudheerchilumula/.rvm/gems/ruby-2.7.0-preview1/gems/fastlane-2.141.0/fastlane/lib/fastlane/lane.rb:33:in `call'&#10;/Users/sudheerchilumula/.rvm/gems/ruby-2.7.0-preview1/gems/fastlane-2.141.0/fastlane/lib/fastlane/runner.rb:204:in `try_switch_to_lane'&#10;/Users/sudheerchilumula/.rvm/gems/ruby-2.7.0-preview1/gems/fastlane-2.141.0/fastlane/lib/fastlane/runner.rb:146:in `trigger_action_by_name'&#10;/Users/sudheerchilumula/.rvm/gems/ruby-2.7.0-preview1/gems/fastlane-2.141.0/fastlane/lib/fastlane/fast_file.rb:159:in `method_missing'&#10;Fastfile:60:in `block (2 levels) in parsing_binding'&#10;/Users/sudheerchilumula/.rvm/gems/ruby-2.7.0-preview1/gems/fastlane-2.141.0/fastlane/lib/fastlane/lane.rb:33:in `call'&#10;/Users/sudheerchilumula/.rvm/gems/ruby-2.7.0-preview1/gems/fastlane-2.141.0/fastlane/lib/fastlane/runner.rb:49:in `block in execute'&#10;/Users/sudheerchilumula/.rvm/gems/ruby-2.7.0-preview1/gems/fastlane-2.141.0/fastlane/lib/fastlane/runner.rb:45:in `chdir'&#10;/Users/sudheerchilumula/.rvm/gems/ruby-2.7.0-preview1/gems/fastlane-2.141.0/fastlane/lib/fastlane/runner.rb:45:in `execute'&#10;/Users/sudheerchilumula/.rvm/gems/ruby-2.7.0-preview1/gems/fastlane-2.141.0/fastlane/lib/fastlane/lane_manager.rb:56:in `cruise_lane'&#10;/Users/sudheerchilumula/.rvm/gems/ruby-2.7.0-preview1/gems/fastlane-2.141.0/fastlane/lib/fastlane/command_line_handler.rb:36:in `handle'&#10;/Users/sudheerchilumula/.rvm/gems/ruby-2.7.0-preview1/gems/fastlane-2.141.0/fastlane/lib/fastlane/commands_generator.rb:108:in `block (2 levels) in run'&#10;/Users/sudheerchilumula/.rvm/gems/ruby-2.7.0-preview1/gems/commander-fastlane-4.4.6/lib/commander/command.rb:178:in `call'&#10;/Users/sudheerchilumula/.rvm/gems/ruby-2.7.0-preview1/gems/commander-fastlane-4.4.6/lib/commander/command.rb:153:in `run'&#10;/Users/sudheerchilumula/.rvm/gems/ruby-2.7.0-preview1/gems/commander-fastlane-4.4.6/lib/commander/runner.rb:476:in `run_active_command'&#10;/Users/sudheerchilumula/.rvm/gems/ruby-2.7.0-preview1/gems/fastlane-2.141.0/fastlane_core/lib/fastlane_core/ui/fastlane_runner.rb:76:in `run!'&#10;/Users/sudheerchilumula/.rvm/gems/ruby-2.7.0-preview1/gems/commander-fastlane-4.4.6/lib/commander/delegates.rb:15:in `run!'&#10;/Users/sudheerchilumula/.rvm/gems/ruby-2.7.0-preview1/gems/fastlane-2.141.0/fastlane/lib/fastlane/commands_generator.rb:349:in `run'&#10;/Users/sudheerchilumula/.rvm/gems/ruby-2.7.0-preview1/gems/fastlane-2.141.0/fastlane/lib/fastlane/commands_generator.rb:41:in `start'&#10;/Users/sudheerchilumula/.rvm/gems/ruby-2.7.0-preview1/gems/fastlane-2.141.0/fastlane/lib/fastlane/cli_tools_distributor.rb:119:in `take_off'&#10;/Users/sudheerchilumula/.rvm/gems/ruby-2.7.0-preview1/gems/fastlane-2.141.0/bin/fastlane:23:in `&lt;top (required)&gt;'&#10;/Users/sudheerchilumula/.rvm/gems/ruby-2.7.0-preview1/bin/fastlane:23:in `load'&#10;/Users/sudheerchilumula/.rvm/gems/ruby-2.7.0-preview1/bin/fastlane:23:in `&lt;main&gt;'&#10;/Users/sudheerchilumula/.rvm/gems/ruby-2.7.0-preview1/bin/ruby_executable_hooks:24:in `eval'&#10;/Users/sudheerchilumula/.rvm/gems/ruby-2.7.0-preview1/bin/ruby_executable_hooks:24:in `&lt;main&gt;'&#10;&#10;Exit status of command '/Users/sudheerchilumula/Development/projects/ngmobile-android-meetings/convergencemeetings/gradlew lint -p .' was 1 instead of 0.&#10;&#10;FAILURE: Build failed with an exception.&#10;&#10;* What went wrong:&#10;Could not determine the dependencies of task ':app:lint'.&#10;&gt; Could not resolve all artifacts for configuration ':app:prodReleaseCompileClasspath'.&#10;   &gt; Could not resolve com.pgi.convergence:PGiMobileShared:1.1.11-SNAPSHOT.&#10;     Required by:&#10;         project :app&#10;      &gt; Could not resolve com.pgi.convergence:PGiMobileShared:1.1.11-SNAPSHOT.&#10;         &gt; Unable to load Maven meta-data from https://artifactory.pgi-tools.com/artifactory/mobile-snapshot-local/com/pgi/convergence/PGiMobileShared/1.1.11-SNAPSHOT/maven-metadata.xml.&#10;            &gt; Could not HEAD 'https://artifactory.pgi-tools.com/artifactory/mobile-snapshot-local/com/pgi/convergence/PGiMobileShared/1.1.11-SNAPSHOT/maven-metadata.xml'. Received status code 401 from server: Unauthorized&#10;&#10;* Try:&#10;Run with --stacktrace option to get the stack trace. Run with --info or --debug option to get more log output. Run with --scan to get full insights.&#10;&#10;* Get more help at https://help.gradle.org&#10;&#10;BUILD FAILED in 55s&#10;" />
        
      </testcase>
    
  </testsuite>
</testsuites>
